#
# There is insufficient memory for the Java Runtime Environment to continue.
# Native memory allocation (malloc) failed to allocate 32744 bytes for ChunkPool::allocate
# Possible reasons:
#   The system is out of physical RAM or swap space
#   The process is running with CompressedOops enabled, and the Java Heap may be blocking the growth of the native heap
# Possible solutions:
#   Reduce memory load on the system
#   Increase physical memory or swap space
#   Check if swap backing store is full
#   Decrease Java heap size (-Xmx/-Xms)
#   Decrease number of Java threads
#   Decrease Java thread stack sizes (-Xss)
#   Set larger code cache with -XX:ReservedCodeCacheSize=
#   JVM is running with Unscaled Compressed Oops mode in which the Java heap is
#     placed in the first 4GB address space. The Java Heap base address is the
#     maximum limit for the native heap growth. Please use -XX:HeapBaseMinAddress
#     to set the Java Heap base and to place the Java Heap above 4GB virtual address.
# This output file may be truncated or incomplete.
#
#  Out of Memory Error (allocation.cpp:272), pid=17268, tid=0x0000000000000928
#
# JRE version: Java(TM) SE Runtime Environment (8.0_211-b12) (build 1.8.0_211-b12)
# Java VM: Java HotSpot(TM) 64-Bit Server VM (25.211-b12 mixed mode windows-amd64 compressed oops)
# Failed to write core dump. Minidumps are not enabled by default on client versions of Windows
#

---------------  T H R E A D  ---------------

Current thread (0x00000000178c0800):  JavaThread "C2 CompilerThread0" daemon [_thread_in_native, id=2344, stack(0x00000000192c0000,0x00000000193c0000)]

Stack: [0x00000000192c0000,0x00000000193c0000]
[error occurred during error reporting (printing stack bounds), id 0xc0000005]

Native frames: (J=compiled Java code, j=interpreted, Vv=VM code, C=native code)


Current CompileTask:
C2:  11384 2214       4       java.net.URLClassLoader$1::run (5 bytes)


---------------  P R O C E S S  ---------------

Java Threads: ( => current thread )
  0x0000000018c5b000 JavaThread "Service Thread" daemon [_thread_blocked, id=20152, stack(0x00000000195c0000,0x00000000196c0000)]
  0x0000000018c58000 JavaThread "C1 CompilerThread2" daemon [_thread_blocked, id=13116, stack(0x00000000194c0000,0x00000000195c0000)]
  0x00000000178c3800 JavaThread "C2 CompilerThread1" daemon [_thread_in_native, id=10508, stack(0x00000000193c0000,0x00000000194c0000)]
=>0x00000000178c0800 JavaThread "C2 CompilerThread0" daemon [_thread_in_native, id=2344, stack(0x00000000192c0000,0x00000000193c0000)]
  0x00000000178bb800 JavaThread "Monitor Ctrl-Break" daemon [_thread_in_native, id=2532, stack(0x00000000191c0000,0x00000000192c0000)]
  0x0000000017896800 JavaThread "Attach Listener" daemon [_thread_blocked, id=16144, stack(0x00000000190c0000,0x00000000191c0000)]
  0x0000000017885800 JavaThread "Signal Dispatcher" daemon [_thread_blocked, id=18940, stack(0x0000000018fc0000,0x00000000190c0000)]
  0x0000000002d1a800 JavaThread "Finalizer" daemon [_thread_blocked, id=19284, stack(0x0000000018ac0000,0x0000000018bc0000)]
  0x0000000002d17000 JavaThread "Reference Handler" daemon [_thread_blocked, id=20244, stack(0x00000000189c0000,0x0000000018ac0000)]
  0x0000000000bae000 JavaThread "main" [_thread_in_vm, id=18052, stack(0x0000000002960000,0x0000000002a60000)]

Other Threads:
  0x0000000017837800 VMThread [stack: 0x00000000188c0000,0x00000000189c0000] [id=3780]
  0x0000000018cda800 WatcherThread [stack: 0x00000000196c0000,0x00000000197c0000] [id=20452]

VM state:not at safepoint (normal execution)

VM Mutex/Monitor currently owned by a thread: None

heap address: 0x0000000081800000, size: 2024 MB, Compressed Oops mode: 32-bit
Narrow klass base: 0x0000000000000000, Narrow klass shift: 3
Compressed class space size: 1073741824 Address: 0x0000000100000000

Heap:
 PSYoungGen      total 121344K, used 24674K [0x00000000d5d80000, 0x00000000def00000, 0x0000000100000000)
  eden space 113664K, 14% used [0x00000000d5d80000,0x00000000d6e261b0,0x00000000dcc80000)
  from space 7680K, 99% used [0x00000000de780000,0x00000000deef29f0,0x00000000def00000)
  to   space 8704K, 0% used [0x00000000dde00000,0x00000000dde00000,0x00000000de680000)
 ParOldGen       total 53248K, used 6168K [0x0000000081800000, 0x0000000084c00000, 0x00000000d5d80000)
  object space 53248K, 11% used [0x0000000081800000,0x0000000081e060e8,0x0000000084c00000)
 Metaspace       used 23655K, capacity 25176K, committed 25472K, reserved 1071104K
  class space    used 3088K, capacity 3362K, committed 3456K, reserved 1048576K

Card table byte_map: [0x00000000120e0000,0x00000000124e0000] byte_map_base: 0x0000000011cd4000

Marking Bits: (ParMarkBitMap*) 0x000000006c245ce0
 Begin Bits: [0x0000000012b90000, 0x0000000014b30000)
 End Bits:   [0x0000000014b30000, 0x0000000016ad0000)

Polling page: 0x0000000000b90000

CodeCache: size=245760Kb used=7849Kb max_used=7849Kb free=237910Kb
 bounds [0x0000000002d20000, 0x00000000034d0000, 0x0000000011d20000]
 total_blobs=2642 nmethods=2272 adapters=282
 compilation: enabled

Compilation events (10 events):
Event: 11.332 Thread 0x0000000018c58000 2281       3       org.apache.commons.logging.LogFactory::getLog (5 bytes)
Event: 11.332 Thread 0x0000000018c58000 nmethod 2281 0x00000000034cb190 code [0x00000000034cb300, 0x00000000034cb468]
Event: 11.334 Thread 0x0000000018c58000 2282       3       org.apache.commons.logging.LogFactory::getLog (8 bytes)
Event: 11.334 Thread 0x0000000018c58000 nmethod 2282 0x00000000034cb510 code [0x00000000034cb6a0, 0x00000000034cb9d8]
Event: 11.334 Thread 0x0000000018c58000 2283       3       org.springframework.core.env.SystemEnvironmentPropertySource::getProperty (86 bytes)
Event: 11.336 Thread 0x0000000018c58000 nmethod 2283 0x00000000034cbb10 code [0x00000000034cbdc0, 0x00000000034cd0c8]
Event: 11.336 Thread 0x0000000018c58000 2284       3       org.springframework.core.env.SystemEnvironmentPropertySource::resolvePropertyName (45 bytes)
Event: 11.336 Thread 0x0000000018c58000 nmethod 2284 0x00000000034cd810 code [0x00000000034cd9e0, 0x00000000034ce088]
Event: 11.336 Thread 0x0000000018c58000 2285       3       org.springframework.boot.context.properties.source.ConfigurationPropertyName$Elements::canShortcutWithSource (7 bytes)
Event: 11.336 Thread 0x0000000018c58000 nmethod 2285 0x00000000034ce310 code [0x00000000034ce480, 0x00000000034ce628]

GC Heap History (10 events):
Event: 5.024 GC heap before
{Heap before GC invocations=3 (full 0):
 PSYoungGen      total 38400K, used 38394K [0x00000000d5d80000, 0x00000000da880000, 0x0000000100000000)
  eden space 33280K, 100% used [0x00000000d5d80000,0x00000000d7e00000,0x00000000d7e00000)
  from space 5120K, 99% used [0x00000000d8300000,0x00000000d87feb78,0x00000000d8800000)
  to   space 5120K, 0% used [0x00000000d7e00000,0x00000000d7e00000,0x00000000d8300000)
 ParOldGen       total 87552K, used 285K [0x0000000081800000, 0x0000000086d80000, 0x00000000d5d80000)
  object space 87552K, 0% used [0x0000000081800000,0x0000000081847480,0x0000000086d80000)
 Metaspace       used 14822K, capacity 15974K, committed 16256K, reserved 1062912K
  class space    used 1899K, capacity 2135K, committed 2176K, reserved 1048576K
Event: 5.039 GC heap after
Heap after GC invocations=3 (full 0):
 PSYoungGen      total 38400K, used 5113K [0x00000000d5d80000, 0x00000000da880000, 0x0000000100000000)
  eden space 33280K, 0% used [0x00000000d5d80000,0x00000000d5d80000,0x00000000d7e00000)
  from space 5120K, 99% used [0x00000000d7e00000,0x00000000d82fe418,0x00000000d8300000)
  to   space 5120K, 0% used [0x00000000da380000,0x00000000da380000,0x00000000da880000)
 ParOldGen       total 87552K, used 928K [0x0000000081800000, 0x0000000086d80000, 0x00000000d5d80000)
  object space 87552K, 1% used [0x0000000081800000,0x00000000818e82a0,0x0000000086d80000)
 Metaspace       used 14822K, capacity 15974K, committed 16256K, reserved 1062912K
  class space    used 1899K, capacity 2135K, committed 2176K, reserved 1048576K
}
Event: 5.964 GC heap before
{Heap before GC invocations=4 (full 0):
 PSYoungGen      total 38400K, used 38393K [0x00000000d5d80000, 0x00000000da880000, 0x0000000100000000)
  eden space 33280K, 100% used [0x00000000d5d80000,0x00000000d7e00000,0x00000000d7e00000)
  from space 5120K, 99% used [0x00000000d7e00000,0x00000000d82fe418,0x00000000d8300000)
  to   space 5120K, 0% used [0x00000000da380000,0x00000000da380000,0x00000000da880000)
 ParOldGen       total 87552K, used 928K [0x0000000081800000, 0x0000000086d80000, 0x00000000d5d80000)
  object space 87552K, 1% used [0x0000000081800000,0x00000000818e82a0,0x0000000086d80000)
 Metaspace       used 18272K, capacity 19554K, committed 19840K, reserved 1067008K
  class space    used 2365K, capacity 2625K, committed 2688K, reserved 1048576K
Event: 5.984 GC heap after
Heap after GC invocations=4 (full 0):
 PSYoungGen      total 71680K, used 5101K [0x00000000d5d80000, 0x00000000da880000, 0x0000000100000000)
  eden space 66560K, 0% used [0x00000000d5d80000,0x00000000d5d80000,0x00000000d9e80000)
  from space 5120K, 99% used [0x00000000da380000,0x00000000da87b6e8,0x00000000da880000)
  to   space 5120K, 0% used [0x00000000d9e80000,0x00000000d9e80000,0x00000000da380000)
 ParOldGen       total 87552K, used 3196K [0x0000000081800000, 0x0000000086d80000, 0x00000000d5d80000)
  object space 87552K, 3% used [0x0000000081800000,0x0000000081b1f3b0,0x0000000086d80000)
 Metaspace       used 18272K, capacity 19554K, committed 19840K, reserved 1067008K
  class space    used 2365K, capacity 2625K, committed 2688K, reserved 1048576K
}
Event: 6.607 GC heap before
{Heap before GC invocations=5 (full 0):
 PSYoungGen      total 71680K, used 20406K [0x00000000d5d80000, 0x00000000da880000, 0x0000000100000000)
  eden space 66560K, 22% used [0x00000000d5d80000,0x00000000d6c721c0,0x00000000d9e80000)
  from space 5120K, 99% used [0x00000000da380000,0x00000000da87b6e8,0x00000000da880000)
  to   space 5120K, 0% used [0x00000000d9e80000,0x00000000d9e80000,0x00000000da380000)
 ParOldGen       total 87552K, used 3196K [0x0000000081800000, 0x0000000086d80000, 0x00000000d5d80000)
  object space 87552K, 3% used [0x0000000081800000,0x0000000081b1f3b0,0x0000000086d80000)
 Metaspace       used 19915K, capacity 21226K, committed 21248K, reserved 1067008K
  class space    used 2567K, capacity 2813K, committed 2816K, reserved 1048576K
Event: 6.618 GC heap after
Heap after GC invocations=5 (full 0):
 PSYoungGen      total 71680K, used 5103K [0x00000000d5d80000, 0x00000000def80000, 0x0000000100000000)
  eden space 66560K, 0% used [0x00000000d5d80000,0x00000000d5d80000,0x00000000d9e80000)
  from space 5120K, 99% used [0x00000000d9e80000,0x00000000da37be60,0x00000000da380000)
  to   space 8192K, 0% used [0x00000000de780000,0x00000000de780000,0x00000000def80000)
 ParOldGen       total 87552K, used 4483K [0x0000000081800000, 0x0000000086d80000, 0x00000000d5d80000)
  object space 87552K, 5% used [0x0000000081800000,0x0000000081c60fb8,0x0000000086d80000)
 Metaspace       used 19915K, capacity 21226K, committed 21248K, reserved 1067008K
  class space    used 2567K, capacity 2813K, committed 2816K, reserved 1048576K
}
Event: 6.618 GC heap before
{Heap before GC invocations=6 (full 1):
 PSYoungGen      total 71680K, used 5103K [0x00000000d5d80000, 0x00000000def80000, 0x0000000100000000)
  eden space 66560K, 0% used [0x00000000d5d80000,0x00000000d5d80000,0x00000000d9e80000)
  from space 5120K, 99% used [0x00000000d9e80000,0x00000000da37be60,0x00000000da380000)
  to   space 8192K, 0% used [0x00000000de780000,0x00000000de780000,0x00000000def80000)
 ParOldGen       total 87552K, used 4483K [0x0000000081800000, 0x0000000086d80000, 0x00000000d5d80000)
  object space 87552K, 5% used [0x0000000081800000,0x0000000081c60fb8,0x0000000086d80000)
 Metaspace       used 19915K, capacity 21226K, committed 21248K, reserved 1067008K
  class space    used 2567K, capacity 2813K, committed 2816K, reserved 1048576K
Event: 6.671 GC heap after
Heap after GC invocations=6 (full 1):
 PSYoungGen      total 71680K, used 0K [0x00000000d5d80000, 0x00000000def80000, 0x0000000100000000)
  eden space 66560K, 0% used [0x00000000d5d80000,0x00000000d5d80000,0x00000000d9e80000)
  from space 5120K, 0% used [0x00000000d9e80000,0x00000000d9e80000,0x00000000da380000)
  to   space 8192K, 0% used [0x00000000de780000,0x00000000de780000,0x00000000def80000)
 ParOldGen       total 53248K, used 6168K [0x0000000081800000, 0x0000000084c00000, 0x00000000d5d80000)
  object space 53248K, 11% used [0x0000000081800000,0x0000000081e060e8,0x0000000084c00000)
 Metaspace       used 19915K, capacity 21226K, committed 21248K, reserved 1067008K
  class space    used 2567K, capacity 2813K, committed 2816K, reserved 1048576K
}
Event: 10.383 GC heap before
{Heap before GC invocations=7 (full 1):
 PSYoungGen      total 71680K, used 66560K [0x00000000d5d80000, 0x00000000def80000, 0x0000000100000000)
  eden space 66560K, 100% used [0x00000000d5d80000,0x00000000d9e80000,0x00000000d9e80000)
  from space 5120K, 0% used [0x00000000d9e80000,0x00000000d9e80000,0x00000000da380000)
  to   space 8192K, 0% used [0x00000000de780000,0x00000000de780000,0x00000000def80000)
 ParOldGen       total 53248K, used 6168K [0x0000000081800000, 0x0000000084c00000, 0x00000000d5d80000)
  object space 53248K, 11% used [0x0000000081800000,0x0000000081e060e8,0x0000000084c00000)
 Metaspace       used 22968K, capacity 24408K, committed 24576K, reserved 1071104K
  class space    used 2988K, capacity 3262K, committed 3328K, reserved 1048576K
Event: 10.483 GC heap after
Heap after GC invocations=7 (full 1):
 PSYoungGen      total 121344K, used 7626K [0x00000000d5d80000, 0x00000000def00000, 0x0000000100000000)
  eden space 113664K, 0% used [0x00000000d5d80000,0x00000000d5d80000,0x00000000dcc80000)
  from space 7680K, 99% used [0x00000000de780000,0x00000000deef29f0,0x00000000def00000)
  to   space 8704K, 0% used [0x00000000dde00000,0x00000000dde00000,0x00000000de680000)
 ParOldGen       total 53248K, used 6168K [0x0000000081800000, 0x0000000084c00000, 0x00000000d5d80000)
  object space 53248K, 11% used [0x0000000081800000,0x0000000081e060e8,0x0000000084c00000)
 Metaspace       used 22968K, capacity 24408K, committed 24576K, reserved 1071104K
  class space    used 2988K, capacity 3262K, committed 3328K, reserved 1048576K
}

Deoptimization events (10 events):
Event: 5.010 Thread 0x0000000000bae000 Uncommon trap: reason=unstable_if action=reinterpret pc=0x0000000003112da4 method=jdk.internal.org.objectweb.asm.Item.isEqualTo(Ljdk/internal/org/objectweb/asm/Item;)Z @ 331
Event: 5.131 Thread 0x0000000000bae000 Uncommon trap: reason=unstable_if action=reinterpret pc=0x0000000002f5f47c method=java.util.HashMap.hash(Ljava/lang/Object;)I @ 1
Event: 5.217 Thread 0x0000000000bae000 Uncommon trap: reason=unstable_if action=reinterpret pc=0x00000000031e2b78 method=java.io.WinNTFileSystem.isLetter(C)Z @ 15
Event: 5.465 Thread 0x0000000000bae000 Uncommon trap: reason=unstable_if action=reinterpret pc=0x000000000319d020 method=java.net.URL.<init>(Ljava/net/URL;Ljava/lang/String;Ljava/net/URLStreamHandler;)V @ 347
Event: 5.497 Thread 0x000000001a8f7800 Uncommon trap: reason=unstable_if action=reinterpret pc=0x0000000003168ce4 method=java.util.jar.Manifest$FastInputStream.readLine([BII)I @ 87
Event: 6.538 Thread 0x0000000000bae000 Uncommon trap: reason=unstable_if action=reinterpret pc=0x00000000031b0e60 method=java.util.concurrent.ConcurrentHashMap.putVal(Ljava/lang/Object;Ljava/lang/Object;Z)Ljava/lang/Object; @ 206
Event: 7.761 Thread 0x000000001a8f7800 Uncommon trap: reason=unstable_if action=reinterpret pc=0x000000000301f154 method=jdk.internal.org.objectweb.asm.Type.getArgumentsAndReturnSizes(Ljava/lang/String;)I @ 47
Event: 7.783 Thread 0x000000001a8f7800 Uncommon trap: reason=unstable_if action=reinterpret pc=0x00000000032872a0 method=java.util.concurrent.ConcurrentHashMap.addCount(JI)V @ 34
Event: 10.530 Thread 0x0000000000bae000 Uncommon trap: reason=bimorphic action=maybe_recompile pc=0x0000000003369e98 method=java.util.HashMap.putVal(ILjava/lang/Object;Ljava/lang/Object;ZZ)Ljava/lang/Object; @ 203
Event: 11.215 Thread 0x0000000000bae000 Uncommon trap: reason=bimorphic action=maybe_recompile pc=0x0000000003369e98 method=java.util.HashMap.putVal(ILjava/lang/Object;Ljava/lang/Object;ZZ)Ljava/lang/Object; @ 203

Classes redefined (0 events):
No events

Internal exceptions (10 events):
Event: 6.879 Thread 0x0000000000bae000 Exception <a 'java/lang/ClassNotFoundException': org/springframework/context/ResourceLoaderAwareCustomizer> (0x00000000d66d3d60) thrown at [C:\re\workspace\8-2-build-windows-amd64-cygwin\jdk8u211\12973\hotspot\src\share\vm\classfile\systemDictionary.cpp, 
Event: 6.880 Thread 0x0000000000bae000 Exception <a 'java/lang/ClassNotFoundException': org/springframework/beans/factory/AwareCustomizer> (0x00000000d66f0a48) thrown at [C:\re\workspace\8-2-build-windows-amd64-cygwin\jdk8u211\12973\hotspot\src\share\vm\classfile\systemDictionary.cpp, line 210
Event: 6.881 Thread 0x0000000000bae000 Exception <a 'java/lang/ClassNotFoundException': org/springframework/beans/factory/BeanClassLoaderAwareCustomizer> (0x00000000d67123a0) thrown at [C:\re\workspace\8-2-build-windows-amd64-cygwin\jdk8u211\12973\hotspot\src\share\vm\classfile\systemDictionar
Event: 6.882 Thread 0x0000000000bae000 Exception <a 'java/lang/ClassNotFoundException': org/springframework/beans/factory/AwareCustomizer> (0x00000000d672f118) thrown at [C:\re\workspace\8-2-build-windows-amd64-cygwin\jdk8u211\12973\hotspot\src\share\vm\classfile\systemDictionary.cpp, line 210
Event: 6.883 Thread 0x0000000000bae000 Exception <a 'java/lang/ClassNotFoundException': org/springframework/context/EnvironmentAwareCustomizer> (0x00000000d674cb00) thrown at [C:\re\workspace\8-2-build-windows-amd64-cygwin\jdk8u211\12973\hotspot\src\share\vm\classfile\systemDictionary.cpp, lin
Event: 6.884 Thread 0x0000000000bae000 Exception <a 'java/lang/ClassNotFoundException': org/springframework/beans/factory/AwareCustomizer> (0x00000000d6769758) thrown at [C:\re\workspace\8-2-build-windows-amd64-cygwin\jdk8u211\12973\hotspot\src\share\vm\classfile\systemDictionary.cpp, line 210
Event: 7.773 Thread 0x000000001a8f7800 Exception <a 'java/lang/IncompatibleClassChangeError': Found class java.lang.Object, but interface was expected> (0x00000000d75e0d40) thrown at [C:\re\workspace\8-2-build-windows-amd64-cygwin\jdk8u211\12973\hotspot\src\share\vm\interpreter\linkResolver.cp
Event: 10.170 Thread 0x0000000000bae000 Exception <a 'java/lang/IncompatibleClassChangeError': Found class java.lang.Object, but interface was expected> (0x00000000d99ef860) thrown at [C:\re\workspace\8-2-build-windows-amd64-cygwin\jdk8u211\12973\hotspot\src\share\vm\interpreter\linkResolver.cp
Event: 10.240 Thread 0x0000000000bae000 Exception <a 'java/lang/NoSuchMethodError': java.lang.Object.lambda$getAllAnnotationAttributes$0(Lorg/springframework/util/MultiValueMap;)Lorg/springframework/util/MultiValueMap;> (0x00000000d9c9a730) thrown at [C:\re\workspace\8-2-build-windows-amd64-cyg
Event: 10.241 Thread 0x0000000000bae000 Exception <a 'java/lang/NoSuchMethodError': java.lang.Object.lambda$identity$2(Ljava/lang/Object;)Ljava/lang/Object;> (0x00000000d9c9e428) thrown at [C:\re\workspace\8-2-build-windows-amd64-cygwin\jdk8u211\12973\hotspot\src\share\vm\interpreter\linkResolv

Events (10 events):
Event: 11.302 loading class com/zaxxer/hikari/HikariConfig
Event: 11.302 loading class com/zaxxer/hikari/HikariConfig done
Event: 11.306 loading class com/zaxxer/hikari/HikariConfigMXBean
Event: 11.306 loading class com/zaxxer/hikari/HikariConfigMXBean done
Event: 11.327 loading class org/apache/tomcat/jdbc/pool/DataSource
Event: 11.327 loading class org/apache/tomcat/jdbc/pool/DataSource done
Event: 11.329 loading class org/apache/commons/dbcp2/BasicDataSource
Event: 11.329 loading class org/apache/commons/dbcp2/BasicDataSource done
Event: 11.333 loading class org/springframework/boot/autoconfigure/jdbc/DataSourceAutoConfiguration$EmbeddedDatabaseCondition
Event: 11.333 loading class org/springframework/boot/autoconfigure/jdbc/DataSourceAutoConfiguration$EmbeddedDatabaseCondition done


Dynamic libraries:
0x00007ff7b9570000 - 0x00007ff7b95a7000 	C:\JAVA\bin\java.exe
0x00007ff8bc9b0000 - 0x00007ff8bcba5000 	C:\WINDOWS\SYSTEM32\ntdll.dll
0x00007ff8baee0000 - 0x00007ff8baf9e000 	C:\WINDOWS\System32\KERNEL32.DLL
0x00007ff8ba2b0000 - 0x00007ff8ba578000 	C:\WINDOWS\System32\KERNELBASE.dll
0x00007ff8bc810000 - 0x00007ff8bc8be000 	C:\WINDOWS\System32\ADVAPI32.dll
0x00007ff8bc8d0000 - 0x00007ff8bc96e000 	C:\WINDOWS\System32\msvcrt.dll
0x00007ff8bafa0000 - 0x00007ff8bb03c000 	C:\WINDOWS\System32\sechost.dll
0x00007ff8bc4a0000 - 0x00007ff8bc5c5000 	C:\WINDOWS\System32\RPCRT4.dll
0x00007ff8bbd00000 - 0x00007ff8bbea0000 	C:\WINDOWS\System32\USER32.dll
0x00007ff8ba830000 - 0x00007ff8ba852000 	C:\WINDOWS\System32\win32u.dll
0x00007ff8bb040000 - 0x00007ff8bb06a000 	C:\WINDOWS\System32\GDI32.dll
0x00007ff8ba900000 - 0x00007ff8baa0b000 	C:\WINDOWS\System32\gdi32full.dll
0x00007ff8ba180000 - 0x00007ff8ba21d000 	C:\WINDOWS\System32\msvcp_win.dll
0x00007ff8ba580000 - 0x00007ff8ba680000 	C:\WINDOWS\System32\ucrtbase.dll
0x00007ff899cd0000 - 0x00007ff899f6a000 	C:\WINDOWS\WinSxS\amd64_microsoft.windows.common-controls_6595b64144ccf1df_6.0.19041.1110_none_60b5254171f9507e\COMCTL32.dll
0x00007ff8bc470000 - 0x00007ff8bc4a0000 	C:\WINDOWS\System32\IMM32.DLL
0x000000006c2d0000 - 0x000000006c3a2000 	C:\JAVA\jre\bin\msvcr100.dll
0x000000006ba20000 - 0x000000006c2c5000 	C:\JAVA\jre\bin\server\jvm.dll
0x00007ff8bc8c0000 - 0x00007ff8bc8c8000 	C:\WINDOWS\System32\PSAPI.DLL
0x00007ff8a77e0000 - 0x00007ff8a77e9000 	C:\WINDOWS\SYSTEM32\WSOCK32.dll
0x00007ff8bbbd0000 - 0x00007ff8bbc3b000 	C:\WINDOWS\System32\WS2_32.dll
0x00007ff8a7a60000 - 0x00007ff8a7a87000 	C:\WINDOWS\SYSTEM32\WINMM.dll
0x00007ff8a8150000 - 0x00007ff8a815a000 	C:\WINDOWS\SYSTEM32\VERSION.dll
0x00007ff8b58d0000 - 0x00007ff8b58df000 	C:\JAVA\jre\bin\verify.dll
0x00007ff8b2240000 - 0x00007ff8b2269000 	C:\JAVA\jre\bin\java.dll
0x00007ff8a79b0000 - 0x00007ff8a79d3000 	C:\JAVA\jre\bin\instrument.dll
0x00007ff8b2b50000 - 0x00007ff8b2b66000 	C:\JAVA\jre\bin\zip.dll
0x00007ff8bb070000 - 0x00007ff8bb7b4000 	C:\WINDOWS\System32\SHELL32.dll
0x00007ff8b81b0000 - 0x00007ff8b8944000 	C:\WINDOWS\SYSTEM32\windows.storage.dll
0x00007ff8baa10000 - 0x00007ff8bad64000 	C:\WINDOWS\System32\combase.dll
0x00007ff8b9a70000 - 0x00007ff8b9a9c000 	C:\WINDOWS\SYSTEM32\Wldp.dll
0x00007ff8bbc40000 - 0x00007ff8bbced000 	C:\WINDOWS\System32\SHCORE.dll
0x00007ff8bae80000 - 0x00007ff8baed5000 	C:\WINDOWS\System32\shlwapi.dll
0x00007ff8ba010000 - 0x00007ff8ba02f000 	C:\WINDOWS\SYSTEM32\profapi.dll
0x00007ff8b2200000 - 0x00007ff8b221a000 	C:\Program Files\JetBrains\IntelliJ IDEA 2021.2.3\bin\breakgen64.dll
0x00007ff8b21a0000 - 0x00007ff8b21ba000 	C:\JAVA\jre\bin\net.dll
0x00007ff8aba50000 - 0x00007ff8abc3c000 	C:\WINDOWS\SYSTEM32\urlmon.dll
0x00007ff8abec0000 - 0x00007ff8ac171000 	C:\WINDOWS\SYSTEM32\iertutil.dll
0x00007ff8aba20000 - 0x00007ff8aba48000 	C:\WINDOWS\SYSTEM32\srvcli.dll
0x00007ff8b95d0000 - 0x00007ff8b95dc000 	C:\WINDOWS\SYSTEM32\netutils.dll
0x00007ff8b97d0000 - 0x00007ff8b983a000 	C:\WINDOWS\system32\mswsock.dll
0x00007ff88cb30000 - 0x00007ff88cb42000 	C:\JAVA\jre\bin\nio.dll
0x00007ff8b2230000 - 0x00007ff8b223d000 	C:\JAVA\jre\bin\management.dll
0x00007ff8a3d80000 - 0x00007ff8a3d97000 	C:\WINDOWS\system32\napinsp.dll
0x00007ff8a3d60000 - 0x00007ff8a3d7b000 	C:\WINDOWS\system32\pnrpnsp.dll
0x00007ff8b4320000 - 0x00007ff8b4335000 	C:\WINDOWS\system32\wshbth.dll
0x00007ff8b5860000 - 0x00007ff8b587d000 	C:\WINDOWS\system32\NLAapi.dll
0x00007ff8b94c0000 - 0x00007ff8b94fb000 	C:\WINDOWS\SYSTEM32\IPHLPAPI.DLL
0x00007ff8b9500000 - 0x00007ff8b95cb000 	C:\WINDOWS\SYSTEM32\DNSAPI.dll
0x00007ff8bbcf0000 - 0x00007ff8bbcf8000 	C:\WINDOWS\System32\NSI.dll
0x00007ff8a3690000 - 0x00007ff8a36a2000 	C:\WINDOWS\System32\winrnr.dll
0x00007ff8aefa0000 - 0x00007ff8aefaa000 	C:\Windows\System32\rasadhlp.dll
0x00007ff8aa820000 - 0x00007ff8aa89f000 	C:\WINDOWS\System32\fwpuclnt.dll
0x00007ff8ba860000 - 0x00007ff8ba887000 	C:\WINDOWS\System32\bcrypt.dll

VM Arguments:
jvm_args: -ea -Didea.test.cyclic.buffer.size=1048576 -javaagent:C:\Program Files\JetBrains\IntelliJ IDEA 2021.2.3\lib\idea_rt.jar=64320:C:\Program Files\JetBrains\IntelliJ IDEA 2021.2.3\bin -Dfile.encoding=UTF-8 
java_command: com.intellij.rt.junit.JUnitStarter -ideVersion5 -junit5 com.atguigu.paymentdemo.PaymentDomeApplicationTests,testGetPrivateKey
java_class_path (initial): F:\maven-repository\org\junit\platform\junit-platform-launcher\1.6.3\junit-platform-launcher-1.6.3.jar;C:\Program Files\JetBrains\IntelliJ IDEA 2021.2.3\lib\idea_rt.jar;C:\Program Files\JetBrains\IntelliJ IDEA 2021.2.3\plugins\junit\lib\junit5-rt.jar;C:\Program Files\JetBrains\IntelliJ IDEA 2021.2.3\plugins\junit\lib\junit-rt.jar;C:\JAVA\jre\lib\charsets.jar;C:\JAVA\jre\lib\deploy.jar;C:\JAVA\jre\lib\ext\access-bridge-64.jar;C:\JAVA\jre\lib\ext\cldrdata.jar;C:\JAVA\jre\lib\ext\dnsns.jar;C:\JAVA\jre\lib\ext\jaccess.jar;C:\JAVA\jre\lib\ext\jfxrt.jar;C:\JAVA\jre\lib\ext\localedata.jar;C:\JAVA\jre\lib\ext\nashorn.jar;C:\JAVA\jre\lib\ext\sunec.jar;C:\JAVA\jre\lib\ext\sunjce_provider.jar;C:\JAVA\jre\lib\ext\sunmscapi.jar;C:\JAVA\jre\lib\ext\sunpkcs11.jar;C:\JAVA\jre\lib\ext\zipfs.jar;C:\JAVA\jre\lib\javaws.jar;C:\JAVA\jre\lib\jce.jar;C:\JAVA\jre\lib\jfr.jar;C:\JAVA\jre\lib\jfxswt.jar;C:\JAVA\jre\lib\jsse.jar;C:\JAVA\jre\lib\management-agent.jar;C:\JAVA\jre\lib\plugin.jar;C:\JAVA\jre\lib\resources.jar;C:\JAVA\jre\lib\rt.jar;C:\xm\payment-dome\target\test-classes;C:\xm\payment-dome\target\classes;F:\maven-repository\org\springframework\boot\spring-boot-starter-web\2.3.7.RELEASE\spring-boot-starter-web-2.3.7.RELEASE.jar;F:\maven-repository\org\springframework\boot\spring-boot-starter\2.3.7.RELEASE\spring-boot-starter-2.3.7.RELEASE.jar;F:\maven-repository\org\springframework\boot\spring-boot-starter-logging\2.3.7.RELEASE\spring-boot-starter-logging-2.3.7.RELEASE.jar;F:\maven-repository\ch\qos\logback\logback-classic\1.2.3\logback-classic-1.2.3.jar;F:\maven-repository\ch\qos\logback\logback-core\1.2.3\logback-core-1.2.3.jar;F:\maven-repository\org\apache\logging\log4j\log4j-to-slf4j\2.13.3\log4j-to-slf4j-2.13.3.jar;F:\maven-repository\org\apache\logging\log4j\log4j-api\2.13.3\log4j-api-2.13.3.jar;F:\maven-repository\org\slf4j\jul-to-slf4j\1.7.30\jul-to-slf4j-1.7.30.jar;F:\maven-repository\jakarta\annotation\jakarta.annotation-api\1.3.5\jakarta.anno
Launcher Type: SUN_STANDARD

Environment Variables:
JAVA_HOME=C:\JAVA
PATH=C:\Program Files (x86)\Intel\iCLS Client\;C:\Program Files\Intel\iCLS Client\;C:\WINDOWS\system32;C:\WINDOWS;C:\WINDOWS\System32\Wbem;C:\WINDOWS\System32\WindowsPowerShell\v1.0\;C:\WINDOWS\System32\OpenSSH\;C:\JAVA\bin;C:\Program Files (x86)\MySQL\MySQL Server 5.5\bin;C:\apache-maven-3.2.5\bin;C:\Program Files\Microsoft SQL Server\110\DTS\Binn\;C:\Program Files (x86)\Microsoft SQL Server\110\Tools\Binn\;C:\Program Files\Microsoft SQL Server\110\Tools\Binn\;C:\Program Files (x86)\Microsoft SQL Server\110\Tools\Binn\ManagementStudio\;C:\Program Files (x86)\Microsoft Visual Studio 10.0\Common7\IDE\PrivateAssemblies\;C:\Program Files (x86)\Microsoft SQL Server\110\DTS\Binn\;C:\nodejs\;C:\Users\admin\Desktop\gongju\Microsoft VS Code\bin;C:\Program Files\Git\cmd;C:\Users\admin\AppData\Local\Microsoft\WindowsApps;C:\Users\admin\AppData\Roaming\npm;C:\Users\admin\AppData\Local\Programs\Microsoft VS Code\bin;C:\Program Files\JetBrains\IntelliJ IDEA 2021.2.3\bin;;
USERNAME=admin
OS=Windows_NT
PROCESSOR_IDENTIFIER=Intel64 Family 6 Model 61 Stepping 4, GenuineIntel



---------------  S Y S T E M  ---------------

OS: Windows 10.0 , 64 bit Build 19041 (10.0.19041.1645)

CPU:total 4 (initial active 4) (2 cores per cpu, 2 threads per core) family 6 model 61 stepping 4, cmov, cx8, fxsr, mmx, sse, sse2, sse3, ssse3, sse4.1, sse4.2, popcnt, avx, avx2, aes, clmul, erms, 3dnowpref, lzcnt, ht, tsc, tscinvbit, bmi1, bmi2, adx

Memory: 4k page, physical 8288672k(839112k free), swap 14970484k(4008k free)

vm_info: Java HotSpot(TM) 64-Bit Server VM (25.211-b12) for windows-amd64 JRE (1.8.0_211-b12), built on Apr  1 2019 20:53:26 by "java_re" with MS VC++ 10.0 (VS2010)

time: Fri Apr 29 16:51:15 2022
timezone: 中国标准时间
elapsed time: 11 seconds (0d 0h 0m 11s)

