#
# There is insufficient memory for the Java Runtime Environment to continue.
# Native memory allocation (malloc) failed to allocate 32744 bytes for ChunkPool::allocate
# Possible reasons:
#   The system is out of physical RAM or swap space
#   The process is running with CompressedOops enabled, and the Java Heap may be blocking the growth of the native heap
# Possible solutions:
#   Reduce memory load on the system
#   Increase physical memory or swap space
#   Check if swap backing store is full
#   Decrease Java heap size (-Xmx/-Xms)
#   Decrease number of Java threads
#   Decrease Java thread stack sizes (-Xss)
#   Set larger code cache with -XX:ReservedCodeCacheSize=
#   JVM is running with Unscaled Compressed Oops mode in which the Java heap is
#     placed in the first 4GB address space. The Java Heap base address is the
#     maximum limit for the native heap growth. Please use -XX:HeapBaseMinAddress
#     to set the Java Heap base and to place the Java Heap above 4GB virtual address.
# This output file may be truncated or incomplete.
#
#  Out of Memory Error (allocation.cpp:272), pid=20928, tid=0x0000000000001878
#
# JRE version: Java(TM) SE Runtime Environment (8.0_211-b12) (build 1.8.0_211-b12)
# Java VM: Java HotSpot(TM) 64-Bit Server VM (25.211-b12 mixed mode windows-amd64 compressed oops)
# Failed to write core dump. Minidumps are not enabled by default on client versions of Windows
#

---------------  T H R E A D  ---------------

Current thread (0x0000000018260000):  JavaThread "C2 CompilerThread0" daemon [_thread_in_native, id=6264, stack(0x0000000019c80000,0x0000000019d80000)]

Stack: [0x0000000019c80000,0x0000000019d80000]
[error occurred during error reporting (printing stack bounds), id 0xc0000005]

Native frames: (J=compiled Java code, j=interpreted, Vv=VM code, C=native code)


Current CompileTask:
C2:   6935 2194       4       java.net.URLClassLoader$1::run (5 bytes)


---------------  P R O C E S S  ---------------

Java Threads: ( => current thread )
  0x0000000019635000 JavaThread "Service Thread" daemon [_thread_blocked, id=16528, stack(0x0000000019f80000,0x000000001a080000)]
  0x0000000018267000 JavaThread "C1 CompilerThread2" daemon [_thread_blocked, id=6840, stack(0x0000000019e80000,0x0000000019f80000)]
  0x0000000018265000 JavaThread "C2 CompilerThread1" daemon [_thread_blocked, id=13160, stack(0x0000000019d80000,0x0000000019e80000)]
=>0x0000000018260000 JavaThread "C2 CompilerThread0" daemon [_thread_in_native, id=6264, stack(0x0000000019c80000,0x0000000019d80000)]
  0x000000001825a000 JavaThread "Monitor Ctrl-Break" daemon [_thread_in_native, id=15568, stack(0x0000000019b80000,0x0000000019c80000)]
  0x0000000018236800 JavaThread "Attach Listener" daemon [_thread_blocked, id=16980, stack(0x0000000019a80000,0x0000000019b80000)]
  0x0000000018225800 JavaThread "Signal Dispatcher" daemon [_thread_blocked, id=15144, stack(0x0000000019980000,0x0000000019a80000)]
  0x00000000036ba800 JavaThread "Finalizer" daemon [_thread_blocked, id=17076, stack(0x0000000019480000,0x0000000019580000)]
  0x00000000036b7000 JavaThread "Reference Handler" daemon [_thread_blocked, id=13372, stack(0x0000000019380000,0x0000000019480000)]
  0x00000000033be000 JavaThread "main" [_thread_in_vm, id=20336, stack(0x00000000033c0000,0x00000000034c0000)]

Other Threads:
  0x00000000181d7800 VMThread [stack: 0x0000000019280000,0x0000000019380000] [id=21088]
  0x0000000019650000 WatcherThread [stack: 0x000000001a080000,0x000000001a180000] [id=12072]

VM state:not at safepoint (normal execution)

VM Mutex/Monitor currently owned by a thread: None

heap address: 0x0000000081800000, size: 2024 MB, Compressed Oops mode: 32-bit
Narrow klass base: 0x0000000000000000, Narrow klass shift: 3
Compressed class space size: 1073741824 Address: 0x0000000100000000

Heap:
 PSYoungGen      total 38400K, used 5278K [0x00000000d5d80000, 0x00000000d9d80000, 0x0000000100000000)
  eden space 30208K, 3% used [0x00000000d5d80000,0x00000000d5e897f8,0x00000000d7b00000)
  from space 8192K, 57% used [0x00000000d9580000,0x00000000d9a22cc8,0x00000000d9d80000)
  to   space 8192K, 0% used [0x00000000d7b00000,0x00000000d7b00000,0x00000000d8300000)
 ParOldGen       total 52736K, used 6213K [0x0000000081800000, 0x0000000084b80000, 0x00000000d5d80000)
  object space 52736K, 11% used [0x0000000081800000,0x0000000081e116c8,0x0000000084b80000)
 Metaspace       used 23835K, capacity 25402K, committed 25472K, reserved 1071104K
  class space    used 3106K, capacity 3401K, committed 3456K, reserved 1048576K

Card table byte_map: [0x0000000012a80000,0x0000000012e80000] byte_map_base: 0x0000000012674000

Marking Bits: (ParMarkBitMap*) 0x000000006c245ce0
 Begin Bits: [0x0000000013530000, 0x00000000154d0000)
 End Bits:   [0x00000000154d0000, 0x0000000017470000)

Polling page: 0x0000000001180000

CodeCache: size=245760Kb used=7936Kb max_used=8192Kb free=237823Kb
 bounds [0x00000000036c0000, 0x0000000003ed0000, 0x00000000126c0000]
 total_blobs=2641 nmethods=2271 adapters=282
 compilation: enabled

Compilation events (10 events):
Event: 6.892 Thread 0x0000000018267000 2373       3       org.springframework.core.annotation.OrderUtils::getOrderFromAnnotations (70 bytes)
Event: 6.893 Thread 0x0000000018267000 nmethod 2373 0x0000000003eb8190 code [0x0000000003eb8360, 0x0000000003eb89f8]
Event: 6.893 Thread 0x0000000018267000 2374       3       org.springframework.boot.context.properties.source.SpringIterableConfigurationPropertySource::getConfigurationProperty (93 bytes)
Event: 6.896 Thread 0x0000000018267000 nmethod 2374 0x0000000003eb8b90 code [0x0000000003eb8f40, 0x0000000003ebafe8]
Event: 6.896 Thread 0x0000000018267000 2375       3       org.springframework.core.type.filter.AssignableTypeFilter::matchClassName (12 bytes)
Event: 6.897 Thread 0x0000000018267000 nmethod 2375 0x0000000003ebc350 code [0x0000000003ebc4e0, 0x0000000003ebc878]
Event: 6.923 Thread 0x0000000018265000 nmethod 2342 0x0000000003ec1010 code [0x0000000003ec1320, 0x0000000003ec2cc8]
Event: 6.923 Thread 0x0000000018265000 2359       4       sun.reflect.ClassFileAssembler::emitByte (11 bytes)
Event: 6.925 Thread 0x0000000018265000 nmethod 2359 0x00000000037d8a50 code [0x00000000037d8ba0, 0x00000000037d8cc8]
Event: 6.925 Thread 0x0000000018265000 2370       4       java.util.Arrays::copyOf (46 bytes)

GC Heap History (10 events):
Event: 4.922 GC heap before
{Heap before GC invocations=5 (full 0):
 PSYoungGen      total 38400K, used 20590K [0x00000000d5d80000, 0x00000000d8800000, 0x0000000100000000)
  eden space 33280K, 46% used [0x00000000d5d80000,0x00000000d6ca3650,0x00000000d7e00000)
  from space 5120K, 99% used [0x00000000d8300000,0x00000000d87f8208,0x00000000d8800000)
  to   space 5120K, 0% used [0x00000000d7e00000,0x00000000d7e00000,0x00000000d8300000)
 ParOldGen       total 87552K, used 3235K [0x0000000081800000, 0x0000000086d80000, 0x00000000d5d80000)
  object space 87552K, 3% used [0x0000000081800000,0x0000000081b28ee0,0x0000000086d80000)
 Metaspace       used 19901K, capacity 21182K, committed 21248K, reserved 1067008K
  class space    used 2555K, capacity 2803K, committed 2816K, reserved 1048576K
Event: 4.932 GC heap after
Heap after GC invocations=5 (full 0):
 PSYoungGen      total 38400K, used 5105K [0x00000000d5d80000, 0x00000000d8800000, 0x0000000100000000)
  eden space 33280K, 0% used [0x00000000d5d80000,0x00000000d5d80000,0x00000000d7e00000)
  from space 5120K, 99% used [0x00000000d7e00000,0x00000000d82fc438,0x00000000d8300000)
  to   space 5120K, 0% used [0x00000000d8300000,0x00000000d8300000,0x00000000d8800000)
 ParOldGen       total 87552K, used 4465K [0x0000000081800000, 0x0000000086d80000, 0x00000000d5d80000)
  object space 87552K, 5% used [0x0000000081800000,0x0000000081c5c420,0x0000000086d80000)
 Metaspace       used 19901K, capacity 21182K, committed 21248K, reserved 1067008K
  class space    used 2555K, capacity 2803K, committed 2816K, reserved 1048576K
}
Event: 4.932 GC heap before
{Heap before GC invocations=6 (full 1):
 PSYoungGen      total 38400K, used 5105K [0x00000000d5d80000, 0x00000000d8800000, 0x0000000100000000)
  eden space 33280K, 0% used [0x00000000d5d80000,0x00000000d5d80000,0x00000000d7e00000)
  from space 5120K, 99% used [0x00000000d7e00000,0x00000000d82fc438,0x00000000d8300000)
  to   space 5120K, 0% used [0x00000000d8300000,0x00000000d8300000,0x00000000d8800000)
 ParOldGen       total 87552K, used 4465K [0x0000000081800000, 0x0000000086d80000, 0x00000000d5d80000)
  object space 87552K, 5% used [0x0000000081800000,0x0000000081c5c420,0x0000000086d80000)
 Metaspace       used 19901K, capacity 21182K, committed 21248K, reserved 1067008K
  class space    used 2555K, capacity 2803K, committed 2816K, reserved 1048576K
Event: 4.984 GC heap after
Heap after GC invocations=6 (full 1):
 PSYoungGen      total 38400K, used 0K [0x00000000d5d80000, 0x00000000d8800000, 0x0000000100000000)
  eden space 33280K, 0% used [0x00000000d5d80000,0x00000000d5d80000,0x00000000d7e00000)
  from space 5120K, 0% used [0x00000000d7e00000,0x00000000d7e00000,0x00000000d8300000)
  to   space 5120K, 0% used [0x00000000d8300000,0x00000000d8300000,0x00000000d8800000)
 ParOldGen       total 52736K, used 6197K [0x0000000081800000, 0x0000000084b80000, 0x00000000d5d80000)
  object space 52736K, 11% used [0x0000000081800000,0x0000000081e0d6c8,0x0000000084b80000)
 Metaspace       used 19901K, capacity 21182K, committed 21248K, reserved 1067008K
  class space    used 2555K, capacity 2803K, committed 2816K, reserved 1048576K
}
Event: 5.867 GC heap before
{Heap before GC invocations=7 (full 1):
 PSYoungGen      total 38400K, used 33280K [0x00000000d5d80000, 0x00000000d8800000, 0x0000000100000000)
  eden space 33280K, 100% used [0x00000000d5d80000,0x00000000d7e00000,0x00000000d7e00000)
  from space 5120K, 0% used [0x00000000d7e00000,0x00000000d7e00000,0x00000000d8300000)
  to   space 5120K, 0% used [0x00000000d8300000,0x00000000d8300000,0x00000000d8800000)
 ParOldGen       total 52736K, used 6197K [0x0000000081800000, 0x0000000084b80000, 0x00000000d5d80000)
  object space 52736K, 11% used [0x0000000081800000,0x0000000081e0d6c8,0x0000000084b80000)
 Metaspace       used 22101K, capacity 23518K, committed 23680K, reserved 1069056K
  class space    used 2884K, capacity 3171K, committed 3200K, reserved 1048576K
Event: 5.875 GC heap after
Heap after GC invocations=7 (full 1):
 PSYoungGen      total 35328K, used 3912K [0x00000000d5d80000, 0x00000000da300000, 0x0000000100000000)
  eden space 30208K, 0% used [0x00000000d5d80000,0x00000000d5d80000,0x00000000d7b00000)
  from space 5120K, 76% used [0x00000000d8300000,0x00000000d86d2318,0x00000000d8800000)
  to   space 8192K, 0% used [0x00000000d7b00000,0x00000000d7b00000,0x00000000d8300000)
 ParOldGen       total 52736K, used 6197K [0x0000000081800000, 0x0000000084b80000, 0x00000000d5d80000)
  object space 52736K, 11% used [0x0000000081800000,0x0000000081e0d6c8,0x0000000084b80000)
 Metaspace       used 22101K, capacity 23518K, committed 23680K, reserved 1069056K
  class space    used 2884K, capacity 3171K, committed 3200K, reserved 1048576K
}
Event: 6.409 GC heap before
{Heap before GC invocations=8 (full 1):
 PSYoungGen      total 35328K, used 34120K [0x00000000d5d80000, 0x00000000da300000, 0x0000000100000000)
  eden space 30208K, 100% used [0x00000000d5d80000,0x00000000d7b00000,0x00000000d7b00000)
  from space 5120K, 76% used [0x00000000d8300000,0x00000000d86d2318,0x00000000d8800000)
  to   space 8192K, 0% used [0x00000000d7b00000,0x00000000d7b00000,0x00000000d8300000)
 ParOldGen       total 52736K, used 6197K [0x0000000081800000, 0x0000000084b80000, 0x00000000d5d80000)
  object space 52736K, 11% used [0x0000000081800000,0x0000000081e0d6c8,0x0000000084b80000)
 Metaspace       used 22879K, capacity 24298K, committed 24576K, reserved 1071104K
  class space    used 2972K, capacity 3249K, committed 3328K, reserved 1048576K
Event: 6.415 GC heap after
Heap after GC invocations=8 (full 1):
 PSYoungGen      total 38400K, used 4488K [0x00000000d5d80000, 0x00000000d9d80000, 0x0000000100000000)
  eden space 30208K, 0% used [0x00000000d5d80000,0x00000000d5d80000,0x00000000d7b00000)
  from space 8192K, 54% used [0x00000000d7b00000,0x00000000d7f62048,0x00000000d8300000)
  to   space 8192K, 0% used [0x00000000d9580000,0x00000000d9580000,0x00000000d9d80000)
 ParOldGen       total 52736K, used 6205K [0x0000000081800000, 0x0000000084b80000, 0x00000000d5d80000)
  object space 52736K, 11% used [0x0000000081800000,0x0000000081e0f6c8,0x0000000084b80000)
 Metaspace       used 22879K, capacity 24298K, committed 24576K, reserved 1071104K
  class space    used 2972K, capacity 3249K, committed 3328K, reserved 1048576K
}
Event: 6.902 GC heap before
{Heap before GC invocations=9 (full 1):
 PSYoungGen      total 38400K, used 34696K [0x00000000d5d80000, 0x00000000d9d80000, 0x0000000100000000)
  eden space 30208K, 100% used [0x00000000d5d80000,0x00000000d7b00000,0x00000000d7b00000)
  from space 8192K, 54% used [0x00000000d7b00000,0x00000000d7f62048,0x00000000d8300000)
  to   space 8192K, 0% used [0x00000000d9580000,0x00000000d9580000,0x00000000d9d80000)
 ParOldGen       total 52736K, used 6205K [0x0000000081800000, 0x0000000084b80000, 0x00000000d5d80000)
  object space 52736K, 11% used [0x0000000081800000,0x0000000081e0f6c8,0x0000000084b80000)
 Metaspace       used 23808K, capacity 25338K, committed 25472K, reserved 1071104K
  class space    used 3102K, capacity 3401K, committed 3456K, reserved 1048576K
Event: 6.920 GC heap after
Heap after GC invocations=9 (full 1):
 PSYoungGen      total 38400K, used 4747K [0x00000000d5d80000, 0x00000000d9d80000, 0x0000000100000000)
  eden space 30208K, 0% used [0x00000000d5d80000,0x00000000d5d80000,0x00000000d7b00000)
  from space 8192K, 57% used [0x00000000d9580000,0x00000000d9a22cc8,0x00000000d9d80000)
  to   space 8192K, 0% used [0x00000000d7b00000,0x00000000d7b00000,0x00000000d8300000)
 ParOldGen       total 52736K, used 6213K [0x0000000081800000, 0x0000000084b80000, 0x00000000d5d80000)
  object space 52736K, 11% used [0x0000000081800000,0x0000000081e116c8,0x0000000084b80000)
 Metaspace       used 23808K, capacity 25338K, committed 25472K, reserved 1071104K
  class space    used 3102K, capacity 3401K, committed 3456K, reserved 1048576K
}

Deoptimization events (10 events):
Event: 3.469 Thread 0x00000000033be000 Uncommon trap: reason=unstable_if action=reinterpret pc=0x0000000003a4e644 method=java.util.HashMap.putVal(ILjava/lang/Object;Ljava/lang/Object;ZZ)Ljava/lang/Object; @ 236
Event: 3.677 Thread 0x00000000033be000 Uncommon trap: reason=unstable_if action=reinterpret pc=0x0000000003aaea24 method=jdk.internal.org.objectweb.asm.Item.isEqualTo(Ljdk/internal/org/objectweb/asm/Item;)Z @ 331
Event: 3.873 Thread 0x00000000033be000 Uncommon trap: reason=unstable_if action=reinterpret pc=0x0000000003921d3c method=java.util.HashMap.hash(Ljava/lang/Object;)I @ 1
Event: 3.978 Thread 0x00000000033be000 Uncommon trap: reason=unstable_if action=reinterpret pc=0x0000000003b805e4 method=java.io.WinNTFileSystem.isLetter(C)Z @ 15
Event: 4.254 Thread 0x00000000033be000 Uncommon trap: reason=unstable_if action=reinterpret pc=0x0000000003b308e0 method=java.net.URL.<init>(Ljava/net/URL;Ljava/lang/String;Ljava/net/URLStreamHandler;)V @ 347
Event: 4.317 Thread 0x000000001b7c2000 Uncommon trap: reason=unstable_if action=reinterpret pc=0x0000000003b123e4 method=java.util.jar.Manifest$FastInputStream.readLine([BII)I @ 87
Event: 5.022 Thread 0x00000000033be000 Uncommon trap: reason=unstable_if action=reinterpret pc=0x0000000003b4ac10 method=java.util.concurrent.ConcurrentHashMap.putVal(Ljava/lang/Object;Ljava/lang/Object;Z)Ljava/lang/Object; @ 206
Event: 5.419 Thread 0x000000001b7c2000 Uncommon trap: reason=unstable_if action=reinterpret pc=0x00000000039a6a24 method=jdk.internal.org.objectweb.asm.Type.getArgumentsAndReturnSizes(Ljava/lang/String;)I @ 47
Event: 6.473 Thread 0x00000000033be000 Uncommon trap: reason=bimorphic action=maybe_recompile pc=0x0000000003d15ed8 method=java.util.HashMap.putVal(ILjava/lang/Object;Ljava/lang/Object;ZZ)Ljava/lang/Object; @ 203
Event: 6.626 Thread 0x00000000033be000 Uncommon trap: reason=bimorphic action=maybe_recompile pc=0x0000000003d15ed8 method=java.util.HashMap.putVal(ILjava/lang/Object;Ljava/lang/Object;ZZ)Ljava/lang/Object; @ 203

Classes redefined (0 events):
No events

Internal exceptions (10 events):
Event: 5.261 Thread 0x00000000033be000 Exception <a 'java/lang/ClassNotFoundException': org/springframework/context/ResourceLoaderAwareCustomizer> (0x00000000d6a30440) thrown at [C:\re\workspace\8-2-build-windows-amd64-cygwin\jdk8u211\12973\hotspot\src\share\vm\classfile\systemDictionary.cpp, 
Event: 5.262 Thread 0x00000000033be000 Exception <a 'java/lang/ClassNotFoundException': org/springframework/beans/factory/AwareCustomizer> (0x00000000d6a4d128) thrown at [C:\re\workspace\8-2-build-windows-amd64-cygwin\jdk8u211\12973\hotspot\src\share\vm\classfile\systemDictionary.cpp, line 210
Event: 5.263 Thread 0x00000000033be000 Exception <a 'java/lang/ClassNotFoundException': org/springframework/beans/factory/BeanClassLoaderAwareCustomizer> (0x00000000d6a6ea80) thrown at [C:\re\workspace\8-2-build-windows-amd64-cygwin\jdk8u211\12973\hotspot\src\share\vm\classfile\systemDictionar
Event: 5.264 Thread 0x00000000033be000 Exception <a 'java/lang/ClassNotFoundException': org/springframework/beans/factory/AwareCustomizer> (0x00000000d6a8b7f8) thrown at [C:\re\workspace\8-2-build-windows-amd64-cygwin\jdk8u211\12973\hotspot\src\share\vm\classfile\systemDictionary.cpp, line 210
Event: 5.265 Thread 0x00000000033be000 Exception <a 'java/lang/ClassNotFoundException': org/springframework/context/EnvironmentAwareCustomizer> (0x00000000d6aa91e0) thrown at [C:\re\workspace\8-2-build-windows-amd64-cygwin\jdk8u211\12973\hotspot\src\share\vm\classfile\systemDictionary.cpp, lin
Event: 5.267 Thread 0x00000000033be000 Exception <a 'java/lang/ClassNotFoundException': org/springframework/beans/factory/AwareCustomizer> (0x00000000d6aff338) thrown at [C:\re\workspace\8-2-build-windows-amd64-cygwin\jdk8u211\12973\hotspot\src\share\vm\classfile\systemDictionary.cpp, line 210
Event: 5.427 Thread 0x000000001b7c2000 Exception <a 'java/lang/IncompatibleClassChangeError': Found class java.lang.Object, but interface was expected> (0x00000000d716adc8) thrown at [C:\re\workspace\8-2-build-windows-amd64-cygwin\jdk8u211\12973\hotspot\src\share\vm\interpreter\linkResolver.cp
Event: 6.379 Thread 0x00000000033be000 Exception <a 'java/lang/IncompatibleClassChangeError': Found class java.lang.Object, but interface was expected> (0x00000000d7953308) thrown at [C:\re\workspace\8-2-build-windows-amd64-cygwin\jdk8u211\12973\hotspot\src\share\vm\interpreter\linkResolver.cp
Event: 6.439 Thread 0x00000000033be000 Exception <a 'java/lang/NoSuchMethodError': java.lang.Object.lambda$getAllAnnotationAttributes$0(Lorg/springframework/util/MultiValueMap;)Lorg/springframework/util/MultiValueMap;> (0x00000000d5e87540) thrown at [C:\re\workspace\8-2-build-windows-amd64-cyg
Event: 6.440 Thread 0x00000000033be000 Exception <a 'java/lang/NoSuchMethodError': java.lang.Object.lambda$identity$2(Ljava/lang/Object;)Ljava/lang/Object;> (0x00000000d5e8b238) thrown at [C:\re\workspace\8-2-build-windows-amd64-cygwin\jdk8u211\12973\hotspot\src\share\vm\interpreter\linkResolv

Events (10 events):
Event: 6.925 Thread 0x0000000018265000 flushing nmethod 0x000000000384cad0
Event: 6.925 Thread 0x0000000018265000 flushing nmethod 0x000000000384d310
Event: 6.925 Thread 0x0000000018265000 flushing nmethod 0x000000000384ec90
Event: 6.925 Thread 0x0000000018265000 flushing nmethod 0x000000000384fb50
Event: 6.925 Thread 0x0000000018265000 flushing nmethod 0x0000000003854e50
Event: 6.925 Thread 0x0000000018265000 flushing nmethod 0x000000000385c550
Event: 6.925 Thread 0x0000000018265000 flushing nmethod 0x000000000385d790
Event: 6.925 Thread 0x0000000018265000 flushing nmethod 0x0000000003865c90
Event: 6.925 Thread 0x0000000018265000 flushing nmethod 0x00000000038672d0
Event: 6.925 Thread 0x0000000018265000 flushing nmethod 0x0000000003867ed0


Dynamic libraries:
0x00007ff7b9570000 - 0x00007ff7b95a7000 	C:\JAVA\bin\java.exe
0x00007ff8bc9b0000 - 0x00007ff8bcba5000 	C:\WINDOWS\SYSTEM32\ntdll.dll
0x00007ff8baee0000 - 0x00007ff8baf9e000 	C:\WINDOWS\System32\KERNEL32.DLL
0x00007ff8ba2b0000 - 0x00007ff8ba578000 	C:\WINDOWS\System32\KERNELBASE.dll
0x00007ff8bc810000 - 0x00007ff8bc8be000 	C:\WINDOWS\System32\ADVAPI32.dll
0x00007ff8bc8d0000 - 0x00007ff8bc96e000 	C:\WINDOWS\System32\msvcrt.dll
0x00007ff8bafa0000 - 0x00007ff8bb03c000 	C:\WINDOWS\System32\sechost.dll
0x00007ff8bc4a0000 - 0x00007ff8bc5c5000 	C:\WINDOWS\System32\RPCRT4.dll
0x00007ff8bbd00000 - 0x00007ff8bbea0000 	C:\WINDOWS\System32\USER32.dll
0x00007ff8ba830000 - 0x00007ff8ba852000 	C:\WINDOWS\System32\win32u.dll
0x00007ff8bb040000 - 0x00007ff8bb06a000 	C:\WINDOWS\System32\GDI32.dll
0x00007ff8ba900000 - 0x00007ff8baa0b000 	C:\WINDOWS\System32\gdi32full.dll
0x00007ff8ba180000 - 0x00007ff8ba21d000 	C:\WINDOWS\System32\msvcp_win.dll
0x00007ff8ba580000 - 0x00007ff8ba680000 	C:\WINDOWS\System32\ucrtbase.dll
0x00007ff899cd0000 - 0x00007ff899f6a000 	C:\WINDOWS\WinSxS\amd64_microsoft.windows.common-controls_6595b64144ccf1df_6.0.19041.1110_none_60b5254171f9507e\COMCTL32.dll
0x00007ff8bc470000 - 0x00007ff8bc4a0000 	C:\WINDOWS\System32\IMM32.DLL
0x000000006c2d0000 - 0x000000006c3a2000 	C:\JAVA\jre\bin\msvcr100.dll
0x000000006ba20000 - 0x000000006c2c5000 	C:\JAVA\jre\bin\server\jvm.dll
0x00007ff8bc8c0000 - 0x00007ff8bc8c8000 	C:\WINDOWS\System32\PSAPI.DLL
0x00007ff8a77e0000 - 0x00007ff8a77e9000 	C:\WINDOWS\SYSTEM32\WSOCK32.dll
0x00007ff8bbbd0000 - 0x00007ff8bbc3b000 	C:\WINDOWS\System32\WS2_32.dll
0x00007ff8a7a60000 - 0x00007ff8a7a87000 	C:\WINDOWS\SYSTEM32\WINMM.dll
0x00007ff8a8150000 - 0x00007ff8a815a000 	C:\WINDOWS\SYSTEM32\VERSION.dll
0x00007ff8b58d0000 - 0x00007ff8b58df000 	C:\JAVA\jre\bin\verify.dll
0x00007ff8b2240000 - 0x00007ff8b2269000 	C:\JAVA\jre\bin\java.dll
0x00007ff8a79b0000 - 0x00007ff8a79d3000 	C:\JAVA\jre\bin\instrument.dll
0x00007ff8b2b50000 - 0x00007ff8b2b66000 	C:\JAVA\jre\bin\zip.dll
0x00007ff8bb070000 - 0x00007ff8bb7b4000 	C:\WINDOWS\System32\SHELL32.dll
0x00007ff8b81b0000 - 0x00007ff8b8944000 	C:\WINDOWS\SYSTEM32\windows.storage.dll
0x00007ff8baa10000 - 0x00007ff8bad64000 	C:\WINDOWS\System32\combase.dll
0x00007ff8b9a70000 - 0x00007ff8b9a9c000 	C:\WINDOWS\SYSTEM32\Wldp.dll
0x00007ff8bbc40000 - 0x00007ff8bbced000 	C:\WINDOWS\System32\SHCORE.dll
0x00007ff8bae80000 - 0x00007ff8baed5000 	C:\WINDOWS\System32\shlwapi.dll
0x00007ff8ba010000 - 0x00007ff8ba02f000 	C:\WINDOWS\SYSTEM32\profapi.dll
0x00007ff890760000 - 0x00007ff89077a000 	C:\Program Files\JetBrains\IntelliJ IDEA 2021.2.3\bin\breakgen64.dll
0x00007ff8b2200000 - 0x00007ff8b221a000 	C:\JAVA\jre\bin\net.dll
0x00007ff8aba50000 - 0x00007ff8abc3c000 	C:\WINDOWS\SYSTEM32\urlmon.dll
0x00007ff8abec0000 - 0x00007ff8ac171000 	C:\WINDOWS\SYSTEM32\iertutil.dll
0x00007ff8aba20000 - 0x00007ff8aba48000 	C:\WINDOWS\SYSTEM32\srvcli.dll
0x00007ff8b95d0000 - 0x00007ff8b95dc000 	C:\WINDOWS\SYSTEM32\netutils.dll
0x00007ff8b97d0000 - 0x00007ff8b983a000 	C:\WINDOWS\system32\mswsock.dll
0x00007ff8b21a0000 - 0x00007ff8b21b2000 	C:\JAVA\jre\bin\nio.dll
0x00007ff8b2230000 - 0x00007ff8b223d000 	C:\JAVA\jre\bin\management.dll
0x00007ff8a3d80000 - 0x00007ff8a3d97000 	C:\WINDOWS\system32\napinsp.dll
0x00007ff8a3d60000 - 0x00007ff8a3d7b000 	C:\WINDOWS\system32\pnrpnsp.dll
0x00007ff8b4320000 - 0x00007ff8b4335000 	C:\WINDOWS\system32\wshbth.dll
0x00007ff8b5860000 - 0x00007ff8b587d000 	C:\WINDOWS\system32\NLAapi.dll
0x00007ff8b94c0000 - 0x00007ff8b94fb000 	C:\WINDOWS\SYSTEM32\IPHLPAPI.DLL
0x00007ff8b9500000 - 0x00007ff8b95cb000 	C:\WINDOWS\SYSTEM32\DNSAPI.dll
0x00007ff8bbcf0000 - 0x00007ff8bbcf8000 	C:\WINDOWS\System32\NSI.dll
0x00007ff8a3690000 - 0x00007ff8a36a2000 	C:\WINDOWS\System32\winrnr.dll
0x00007ff8aefa0000 - 0x00007ff8aefaa000 	C:\Windows\System32\rasadhlp.dll
0x00007ff8aa820000 - 0x00007ff8aa89f000 	C:\WINDOWS\System32\fwpuclnt.dll
0x00007ff8ba860000 - 0x00007ff8ba887000 	C:\WINDOWS\System32\bcrypt.dll

VM Arguments:
jvm_args: -ea -Didea.test.cyclic.buffer.size=1048576 -javaagent:C:\Program Files\JetBrains\IntelliJ IDEA 2021.2.3\lib\idea_rt.jar=49505:C:\Program Files\JetBrains\IntelliJ IDEA 2021.2.3\bin -Dfile.encoding=UTF-8 
java_command: com.intellij.rt.junit.JUnitStarter -ideVersion5 -junit5 com.atguigu.paymentdemo.PaymentDomeApplicationTests,testGetPrivateKey
java_class_path (initial): F:\maven-repository\org\junit\platform\junit-platform-launcher\1.6.3\junit-platform-launcher-1.6.3.jar;C:\Program Files\JetBrains\IntelliJ IDEA 2021.2.3\lib\idea_rt.jar;C:\Program Files\JetBrains\IntelliJ IDEA 2021.2.3\plugins\junit\lib\junit5-rt.jar;C:\Program Files\JetBrains\IntelliJ IDEA 2021.2.3\plugins\junit\lib\junit-rt.jar;C:\JAVA\jre\lib\charsets.jar;C:\JAVA\jre\lib\deploy.jar;C:\JAVA\jre\lib\ext\access-bridge-64.jar;C:\JAVA\jre\lib\ext\cldrdata.jar;C:\JAVA\jre\lib\ext\dnsns.jar;C:\JAVA\jre\lib\ext\jaccess.jar;C:\JAVA\jre\lib\ext\jfxrt.jar;C:\JAVA\jre\lib\ext\localedata.jar;C:\JAVA\jre\lib\ext\nashorn.jar;C:\JAVA\jre\lib\ext\sunec.jar;C:\JAVA\jre\lib\ext\sunjce_provider.jar;C:\JAVA\jre\lib\ext\sunmscapi.jar;C:\JAVA\jre\lib\ext\sunpkcs11.jar;C:\JAVA\jre\lib\ext\zipfs.jar;C:\JAVA\jre\lib\javaws.jar;C:\JAVA\jre\lib\jce.jar;C:\JAVA\jre\lib\jfr.jar;C:\JAVA\jre\lib\jfxswt.jar;C:\JAVA\jre\lib\jsse.jar;C:\JAVA\jre\lib\management-agent.jar;C:\JAVA\jre\lib\plugin.jar;C:\JAVA\jre\lib\resources.jar;C:\JAVA\jre\lib\rt.jar;C:\xm\payment-dome\target\test-classes;C:\xm\payment-dome\target\classes;F:\maven-repository\org\springframework\boot\spring-boot-starter-web\2.3.7.RELEASE\spring-boot-starter-web-2.3.7.RELEASE.jar;F:\maven-repository\org\springframework\boot\spring-boot-starter\2.3.7.RELEASE\spring-boot-starter-2.3.7.RELEASE.jar;F:\maven-repository\org\springframework\boot\spring-boot-starter-logging\2.3.7.RELEASE\spring-boot-starter-logging-2.3.7.RELEASE.jar;F:\maven-repository\ch\qos\logback\logback-classic\1.2.3\logback-classic-1.2.3.jar;F:\maven-repository\ch\qos\logback\logback-core\1.2.3\logback-core-1.2.3.jar;F:\maven-repository\org\apache\logging\log4j\log4j-to-slf4j\2.13.3\log4j-to-slf4j-2.13.3.jar;F:\maven-repository\org\apache\logging\log4j\log4j-api\2.13.3\log4j-api-2.13.3.jar;F:\maven-repository\org\slf4j\jul-to-slf4j\1.7.30\jul-to-slf4j-1.7.30.jar;F:\maven-repository\jakarta\annotation\jakarta.annotation-api\1.3.5\jakarta.anno
Launcher Type: SUN_STANDARD

Environment Variables:
JAVA_HOME=C:\JAVA
PATH=C:\Program Files (x86)\Intel\iCLS Client\;C:\Program Files\Intel\iCLS Client\;C:\WINDOWS\system32;C:\WINDOWS;C:\WINDOWS\System32\Wbem;C:\WINDOWS\System32\WindowsPowerShell\v1.0\;C:\WINDOWS\System32\OpenSSH\;C:\JAVA\bin;C:\Program Files (x86)\MySQL\MySQL Server 5.5\bin;C:\apache-maven-3.2.5\bin;C:\Program Files\Microsoft SQL Server\110\DTS\Binn\;C:\Program Files (x86)\Microsoft SQL Server\110\Tools\Binn\;C:\Program Files\Microsoft SQL Server\110\Tools\Binn\;C:\Program Files (x86)\Microsoft SQL Server\110\Tools\Binn\ManagementStudio\;C:\Program Files (x86)\Microsoft Visual Studio 10.0\Common7\IDE\PrivateAssemblies\;C:\Program Files (x86)\Microsoft SQL Server\110\DTS\Binn\;C:\nodejs\;C:\Users\admin\Desktop\gongju\Microsoft VS Code\bin;C:\Program Files\Git\cmd;C:\Users\admin\AppData\Local\Microsoft\WindowsApps;C:\Users\admin\AppData\Roaming\npm;C:\Users\admin\AppData\Local\Programs\Microsoft VS Code\bin;C:\Program Files\JetBrains\IntelliJ IDEA 2021.2.3\bin;;
USERNAME=admin
OS=Windows_NT
PROCESSOR_IDENTIFIER=Intel64 Family 6 Model 61 Stepping 4, GenuineIntel



---------------  S Y S T E M  ---------------

OS: Windows 10.0 , 64 bit Build 19041 (10.0.19041.1645)

CPU:total 4 (initial active 4) (2 cores per cpu, 2 threads per core) family 6 model 61 stepping 4, cmov, cx8, fxsr, mmx, sse, sse2, sse3, ssse3, sse4.1, sse4.2, popcnt, avx, avx2, aes, clmul, erms, 3dnowpref, lzcnt, ht, tsc, tscinvbit, bmi1, bmi2, adx

Memory: 4k page, physical 8288672k(1007148k free), swap 14970484k(2364k free)

vm_info: Java HotSpot(TM) 64-Bit Server VM (25.211-b12) for windows-amd64 JRE (1.8.0_211-b12), built on Apr  1 2019 20:53:26 by "java_re" with MS VC++ 10.0 (VS2010)

time: Fri Apr 29 16:56:23 2022
timezone: 中国标准时间
elapsed time: 6 seconds (0d 0h 0m 6s)

